<?xml version="1.0" encoding="UTF-8"?>
<!-- Generated by org.testng.reporters.JUnitXMLReporter -->
<testsuite ignored="8" hostname="DESKTOP-2L70A79" failures="1" tests="4" name="Test" time="0.074" errors="0" timestamp="2024-03-02T15:11:17 IST">
  <testcase classname="listenerPractice.TestClass2" name="testScript" time="0.006"/>
  <testcase classname="listenerPractice.TestClass1" name="testScript" time="0.003">
    <failure type="java.lang.AssertionError" message="null">
      <![CDATA[java.lang.AssertionError: null
at listenerPractice.TestClass1.testScript(TestClass1.java:12)
at java.base/java.util.ArrayList.forEach(ArrayList.java:1511)
... Removed 29 stack frames]]>
    </failure>
  </testcase> <!-- testScript -->
  <testcase classname="listenerPractice.TestClass1" name="testScript2" time="0.0">
    <skipped/>
  </testcase> <!-- testScript2 -->
  <testcase classname="listenerPractice.TestClass" name="testScript" time="0.003"/>
  <testcase classname="listenerPractice.BaseClass" name="@AfterSuite suiteTeardown" time="0.0">
    <ignored/>
  </testcase> <!-- @AfterSuite suiteTeardown -->
  <testcase classname="listenerPractice.BaseClass" name="@AfterSuite suiteTeardown" time="0.0">
    <ignored/>
  </testcase> <!-- @AfterSuite suiteTeardown -->
  <testcase classname="listenerPractice.BaseClass" name="@BeforeSuite suiteConfig" time="0.0">
    <ignored/>
  </testcase> <!-- @BeforeSuite suiteConfig -->
  <testcase classname="listenerPractice.BaseClass" name="@BeforeSuite suiteConfig" time="0.0">
    <ignored/>
  </testcase> <!-- @BeforeSuite suiteConfig -->
  <testcase classname="listenerPractice.BaseClass" name="@AfterTest testTeardown" time="0.0">
    <ignored/>
  </testcase> <!-- @AfterTest testTeardown -->
  <testcase classname="listenerPractice.BaseClass" name="@AfterTest testTeardown" time="0.0">
    <ignored/>
  </testcase> <!-- @AfterTest testTeardown -->
  <testcase classname="listenerPractice.BaseClass" name="@BeforeTest testConfig" time="0.0">
    <ignored/>
  </testcase> <!-- @BeforeTest testConfig -->
  <testcase classname="listenerPractice.BaseClass" name="@BeforeTest testConfig" time="0.0">
    <ignored/>
  </testcase> <!-- @BeforeTest testConfig -->
</testsuite> <!-- Test -->
